[2024-11-25T20:51:59.990+0000] {taskinstance.py:1087} INFO - Dependencies all met for <TaskInstance: kafka_to_snowflake_pipeline.jdbc_to_spark_task manual__2024-11-25T20:51:42.977665+00:00 [queued]>
[2024-11-25T20:51:59.995+0000] {taskinstance.py:1087} INFO - Dependencies all met for <TaskInstance: kafka_to_snowflake_pipeline.jdbc_to_spark_task manual__2024-11-25T20:51:42.977665+00:00 [queued]>
[2024-11-25T20:51:59.995+0000] {taskinstance.py:1283} INFO - 
--------------------------------------------------------------------------------
[2024-11-25T20:51:59.995+0000] {taskinstance.py:1284} INFO - Starting attempt 1 of 2
[2024-11-25T20:51:59.996+0000] {taskinstance.py:1285} INFO - 
--------------------------------------------------------------------------------
[2024-11-25T20:52:00.004+0000] {taskinstance.py:1304} INFO - Executing <Task(PythonOperator): jdbc_to_spark_task> on 2024-11-25 20:51:42.977665+00:00
[2024-11-25T20:52:00.017+0000] {standard_task_runner.py:55} INFO - Started process 1122 to run task
[2024-11-25T20:52:00.021+0000] {standard_task_runner.py:82} INFO - Running: ['airflow', 'tasks', 'run', 'kafka_to_snowflake_pipeline', 'jdbc_to_spark_task', 'manual__2024-11-25T20:51:42.977665+00:00', '--job-id', '54', '--raw', '--subdir', 'DAGS_FOLDER/kafka_to_snowflake_etl_dag.py', '--cfg-path', '/tmp/tmpuq4_uzbi']
[2024-11-25T20:52:00.025+0000] {standard_task_runner.py:83} INFO - Job 54: Subtask jdbc_to_spark_task
[2024-11-25T20:52:00.086+0000] {task_command.py:389} INFO - Running <TaskInstance: kafka_to_snowflake_pipeline.jdbc_to_spark_task manual__2024-11-25T20:51:42.977665+00:00 [running]> on host f25f59e56f04
[2024-11-25T20:52:00.119+0000] {taskinstance.py:1511} INFO - Exporting the following env vars:
AIRFLOW_CTX_DAG_OWNER=Vaibhav Bansal
AIRFLOW_CTX_DAG_ID=kafka_to_snowflake_pipeline
AIRFLOW_CTX_TASK_ID=jdbc_to_spark_task
AIRFLOW_CTX_EXECUTION_DATE=2024-11-25T20:51:42.977665+00:00
AIRFLOW_CTX_TRY_NUMBER=1
AIRFLOW_CTX_DAG_RUN_ID=manual__2024-11-25T20:51:42.977665+00:00
[2024-11-25T20:52:04.655+0000] {logging_mixin.py:137} INFO - Number of rows fetched for all data: 3819
[2024-11-25T20:52:11.905+0000] {logging_mixin.py:137} INFO - Spark session created.
[2024-11-25T20:52:15.517+0000] {logging_mixin.py:137} INFO - Checking for null values in all data...
[2024-11-25T20:52:29.540+0000] {logging_mixin.py:137} INFO - All data saved to /opt/airflow/shared/all_data.parquet
[2024-11-25T20:52:30.289+0000] {logging_mixin.py:137} INFO - Checking for null values in prediction data...
[2024-11-25T20:52:31.313+0000] {logging_mixin.py:137} INFO - Prediction data saved to /opt/airflow/shared/prediction_data.parquet
[2024-11-25T20:52:33.626+0000] {logging_mixin.py:137} INFO - Transformed data saved to /opt/airflow/shared/transformed_data.parquet
[2024-11-25T20:52:33.757+0000] {python.py:177} INFO - Done. Returned value was: None
[2024-11-25T20:52:33.960+0000] {taskinstance.py:1322} INFO - Marking task as SUCCESS. dag_id=kafka_to_snowflake_pipeline, task_id=jdbc_to_spark_task, execution_date=20241125T205142, start_date=20241125T205159, end_date=20241125T205233
[2024-11-25T20:52:34.371+0000] {local_task_job.py:159} INFO - Task exited with return code 0
[2024-11-25T20:52:34.773+0000] {taskinstance.py:2582} INFO - 1 downstream tasks scheduled from follow-on schedule check
