[2024-11-25T20:25:41.085+0000] {taskinstance.py:1087} INFO - Dependencies all met for <TaskInstance: kafka_to_snowflake_pipeline.create_prediction_data_table manual__2024-11-25T20:24:55.365156+00:00 [queued]>
[2024-11-25T20:25:41.092+0000] {taskinstance.py:1087} INFO - Dependencies all met for <TaskInstance: kafka_to_snowflake_pipeline.create_prediction_data_table manual__2024-11-25T20:24:55.365156+00:00 [queued]>
[2024-11-25T20:25:41.092+0000] {taskinstance.py:1283} INFO - 
--------------------------------------------------------------------------------
[2024-11-25T20:25:41.092+0000] {taskinstance.py:1284} INFO - Starting attempt 1 of 2
[2024-11-25T20:25:41.093+0000] {taskinstance.py:1285} INFO - 
--------------------------------------------------------------------------------
[2024-11-25T20:25:41.103+0000] {taskinstance.py:1304} INFO - Executing <Task(SnowflakeOperator): create_prediction_data_table> on 2024-11-25 20:24:55.365156+00:00
[2024-11-25T20:25:41.123+0000] {standard_task_runner.py:55} INFO - Started process 511 to run task
[2024-11-25T20:25:41.126+0000] {standard_task_runner.py:82} INFO - Running: ['airflow', 'tasks', 'run', 'kafka_to_snowflake_pipeline', 'create_prediction_data_table', 'manual__2024-11-25T20:24:55.365156+00:00', '--job-id', '21', '--raw', '--subdir', 'DAGS_FOLDER/kafka_to_snowflake_etl_dag.py', '--cfg-path', '/tmp/tmppgi8xiqf']
[2024-11-25T20:25:41.129+0000] {standard_task_runner.py:83} INFO - Job 21: Subtask create_prediction_data_table
[2024-11-25T20:25:41.176+0000] {task_command.py:389} INFO - Running <TaskInstance: kafka_to_snowflake_pipeline.create_prediction_data_table manual__2024-11-25T20:24:55.365156+00:00 [running]> on host f25f59e56f04
[2024-11-25T20:25:41.227+0000] {taskinstance.py:1511} INFO - Exporting the following env vars:
AIRFLOW_CTX_DAG_OWNER=Vaibhav Bansal
AIRFLOW_CTX_DAG_ID=kafka_to_snowflake_pipeline
AIRFLOW_CTX_TASK_ID=create_prediction_data_table
AIRFLOW_CTX_EXECUTION_DATE=2024-11-25T20:24:55.365156+00:00
AIRFLOW_CTX_TRY_NUMBER=1
AIRFLOW_CTX_DAG_RUN_ID=manual__2024-11-25T20:24:55.365156+00:00
[2024-11-25T20:25:41.228+0000] {sql.py:253} INFO - Executing:  
        CREATE OR REPLACE TABLE prediction_data (
            work_year INT,
            experience_level VARCHAR,
            employment_type VARCHAR,
            job_title VARCHAR,
            employee_residence VARCHAR,
            company_location VARCHAR,
            predicted_salary FLOAT
        );
        
[2024-11-25T20:25:41.235+0000] {base.py:73} INFO - Using connection ID 'snowflake_default' for task execution.
[2024-11-25T20:25:41.372+0000] {base.py:73} INFO - Using connection ID 'snowflake_default' for task execution.
[2024-11-25T20:25:41.375+0000] {connection.py:414} INFO - Snowflake Connector for Python Version: 3.12.3, Python Version: 3.8.15, Platform: Linux-6.6.22-linuxkit-aarch64-with-glibc2.17
[2024-11-25T20:25:41.376+0000] {connection.py:1197} INFO - Connecting to GLOBAL Snowflake domain
[2024-11-25T20:25:41.376+0000] {connection.py:1278} INFO - This connection is in OCSP Fail Open Mode. TLS Certificates would be checked for validity and revocation status. Any other Certificate Revocation related exceptions or OCSP Responder failures would be disregarded in favor of connectivity.
[2024-11-25T20:25:41.377+0000] {connection.py:1288} INFO - THIS CONNECTION IS IN INSECURE MODE. IT MEANS THE CERTIFICATE WILL BE VALIDATED BUT THE CERTIFICATE REVOCATION STATUS WILL NOT BE CHECKED.
[2024-11-25T20:25:41.532+0000] {ssl_wrap_socket.py:101} INFO - THIS CONNECTION IS IN INSECURE MODE. IT MEANS THE CERTIFICATE WILL BE VALIDATED BUT THE CERTIFICATE REVOCATION STATUS WILL NOT BE CHECKED.
[2024-11-25T20:25:41.806+0000] {cursor.py:1166} INFO - Number of results in first chunk: 1
[2024-11-25T20:25:41.806+0000] {sql.py:364} INFO - Running statement: CREATE OR REPLACE TABLE prediction_data (
            work_year INT,
            experience_level VARCHAR,
            employment_type VARCHAR,
            job_title VARCHAR,
            employee_residence VARCHAR,
            company_location VARCHAR,
            predicted_salary FLOAT
        ), parameters: None
[2024-11-25T20:25:42.224+0000] {cursor.py:1166} INFO - Number of results in first chunk: 1
[2024-11-25T20:25:42.225+0000] {sql.py:373} INFO - Rows affected: 1
[2024-11-25T20:25:42.226+0000] {snowflake.py:400} INFO - Rows affected: 1
[2024-11-25T20:25:42.226+0000] {snowflake.py:401} INFO - Snowflake query id: 01b89d49-0002-359d-0005-d39200039642
[2024-11-25T20:25:42.358+0000] {cursor.py:1166} INFO - Number of results in first chunk: 1
[2024-11-25T20:25:42.359+0000] {connection.py:789} INFO - closed
[2024-11-25T20:25:42.423+0000] {connection.py:795} INFO - No async queries seem to be running, deleting session
[2024-11-25T20:25:42.565+0000] {taskinstance.py:1322} INFO - Marking task as SUCCESS. dag_id=kafka_to_snowflake_pipeline, task_id=create_prediction_data_table, execution_date=20241125T202455, start_date=20241125T202541, end_date=20241125T202542
[2024-11-25T20:25:42.619+0000] {local_task_job.py:159} INFO - Task exited with return code 0
[2024-11-25T20:25:42.654+0000] {taskinstance.py:2582} INFO - 3 downstream tasks scheduled from follow-on schedule check
