[2024-11-25T20:25:03.755+0000] {taskinstance.py:1087} INFO - Dependencies all met for <TaskInstance: kafka_to_snowflake_pipeline.start_kafka_producer manual__2024-11-25T20:24:55.365156+00:00 [queued]>
[2024-11-25T20:25:03.761+0000] {taskinstance.py:1087} INFO - Dependencies all met for <TaskInstance: kafka_to_snowflake_pipeline.start_kafka_producer manual__2024-11-25T20:24:55.365156+00:00 [queued]>
[2024-11-25T20:25:03.761+0000] {taskinstance.py:1283} INFO - 
--------------------------------------------------------------------------------
[2024-11-25T20:25:03.762+0000] {taskinstance.py:1284} INFO - Starting attempt 1 of 2
[2024-11-25T20:25:03.762+0000] {taskinstance.py:1285} INFO - 
--------------------------------------------------------------------------------
[2024-11-25T20:25:03.769+0000] {taskinstance.py:1304} INFO - Executing <Task(_PythonDecoratedOperator): start_kafka_producer> on 2024-11-25 20:24:55.365156+00:00
[2024-11-25T20:25:03.778+0000] {standard_task_runner.py:55} INFO - Started process 316 to run task
[2024-11-25T20:25:03.783+0000] {standard_task_runner.py:82} INFO - Running: ['airflow', 'tasks', 'run', 'kafka_to_snowflake_pipeline', 'start_kafka_producer', 'manual__2024-11-25T20:24:55.365156+00:00', '--job-id', '16', '--raw', '--subdir', 'DAGS_FOLDER/kafka_to_snowflake_etl_dag.py', '--cfg-path', '/tmp/tmp8h5aegj9']
[2024-11-25T20:25:03.787+0000] {standard_task_runner.py:83} INFO - Job 16: Subtask start_kafka_producer
[2024-11-25T20:25:03.877+0000] {task_command.py:389} INFO - Running <TaskInstance: kafka_to_snowflake_pipeline.start_kafka_producer manual__2024-11-25T20:24:55.365156+00:00 [running]> on host f25f59e56f04
[2024-11-25T20:25:03.927+0000] {taskinstance.py:1511} INFO - Exporting the following env vars:
AIRFLOW_CTX_DAG_OWNER=Vaibhav Bansal
AIRFLOW_CTX_DAG_ID=kafka_to_snowflake_pipeline
AIRFLOW_CTX_TASK_ID=start_kafka_producer
AIRFLOW_CTX_EXECUTION_DATE=2024-11-25T20:24:55.365156+00:00
AIRFLOW_CTX_TRY_NUMBER=1
AIRFLOW_CTX_DAG_RUN_ID=manual__2024-11-25T20:24:55.365156+00:00
[2024-11-25T20:25:03.933+0000] {kafka_to_snowflake_etl_dag.py:192} ERROR - Kafka producer failed with error: Error while fetching server API version: ('Connection aborted.', FileNotFoundError(2, 'No such file or directory'))
[2024-11-25T20:25:03.934+0000] {python.py:177} INFO - Done. Returned value was: False
[2024-11-25T20:25:03.947+0000] {taskinstance.py:1322} INFO - Marking task as SUCCESS. dag_id=kafka_to_snowflake_pipeline, task_id=start_kafka_producer, execution_date=20241125T202455, start_date=20241125T202503, end_date=20241125T202503
[2024-11-25T20:25:03.963+0000] {local_task_job.py:159} INFO - Task exited with return code 0
[2024-11-25T20:25:03.984+0000] {taskinstance.py:2582} INFO - 1 downstream tasks scheduled from follow-on schedule check
