[2024-11-25T20:52:56.882+0000] {taskinstance.py:1087} INFO - Dependencies all met for <TaskInstance: kafka_to_snowflake_pipeline.upload_all_data_to_stage manual__2024-11-25T20:51:42.977665+00:00 [queued]>
[2024-11-25T20:52:56.897+0000] {taskinstance.py:1087} INFO - Dependencies all met for <TaskInstance: kafka_to_snowflake_pipeline.upload_all_data_to_stage manual__2024-11-25T20:51:42.977665+00:00 [queued]>
[2024-11-25T20:52:56.898+0000] {taskinstance.py:1283} INFO - 
--------------------------------------------------------------------------------
[2024-11-25T20:52:56.898+0000] {taskinstance.py:1284} INFO - Starting attempt 1 of 2
[2024-11-25T20:52:56.899+0000] {taskinstance.py:1285} INFO - 
--------------------------------------------------------------------------------
[2024-11-25T20:52:56.926+0000] {taskinstance.py:1304} INFO - Executing <Task(SnowflakeOperator): upload_all_data_to_stage> on 2024-11-25 20:51:42.977665+00:00
[2024-11-25T20:52:56.942+0000] {standard_task_runner.py:55} INFO - Started process 1579 to run task
[2024-11-25T20:52:56.953+0000] {standard_task_runner.py:82} INFO - Running: ['airflow', 'tasks', 'run', 'kafka_to_snowflake_pipeline', 'upload_all_data_to_stage', 'manual__2024-11-25T20:51:42.977665+00:00', '--job-id', '63', '--raw', '--subdir', 'DAGS_FOLDER/kafka_to_snowflake_etl_dag.py', '--cfg-path', '/tmp/tmp70od7c92']
[2024-11-25T20:52:56.962+0000] {standard_task_runner.py:83} INFO - Job 63: Subtask upload_all_data_to_stage
[2024-11-25T20:52:57.077+0000] {task_command.py:389} INFO - Running <TaskInstance: kafka_to_snowflake_pipeline.upload_all_data_to_stage manual__2024-11-25T20:51:42.977665+00:00 [running]> on host f25f59e56f04
[2024-11-25T20:52:57.158+0000] {taskinstance.py:1511} INFO - Exporting the following env vars:
AIRFLOW_CTX_DAG_OWNER=Vaibhav Bansal
AIRFLOW_CTX_DAG_ID=kafka_to_snowflake_pipeline
AIRFLOW_CTX_TASK_ID=upload_all_data_to_stage
AIRFLOW_CTX_EXECUTION_DATE=2024-11-25T20:51:42.977665+00:00
AIRFLOW_CTX_TRY_NUMBER=1
AIRFLOW_CTX_DAG_RUN_ID=manual__2024-11-25T20:51:42.977665+00:00
[2024-11-25T20:52:57.159+0000] {sql.py:253} INFO - Executing:  
        PUT file:///opt/airflow/shared/all_data.parquet/part-00007-d780f5c7-4f0f-47e8-9715-e2a979ceb021-c000.snappy.parquet @~/stage/ AUTO_COMPRESS=FALSE;
        
[2024-11-25T20:52:57.168+0000] {base.py:73} INFO - Using connection ID 'snowflake_default' for task execution.
[2024-11-25T20:52:57.329+0000] {base.py:73} INFO - Using connection ID 'snowflake_default' for task execution.
[2024-11-25T20:52:57.333+0000] {connection.py:414} INFO - Snowflake Connector for Python Version: 3.12.3, Python Version: 3.8.15, Platform: Linux-6.6.22-linuxkit-aarch64-with-glibc2.17
[2024-11-25T20:52:57.335+0000] {connection.py:1197} INFO - Connecting to GLOBAL Snowflake domain
[2024-11-25T20:52:57.336+0000] {connection.py:1278} INFO - This connection is in OCSP Fail Open Mode. TLS Certificates would be checked for validity and revocation status. Any other Certificate Revocation related exceptions or OCSP Responder failures would be disregarded in favor of connectivity.
[2024-11-25T20:52:57.336+0000] {connection.py:1288} INFO - THIS CONNECTION IS IN INSECURE MODE. IT MEANS THE CERTIFICATE WILL BE VALIDATED BUT THE CERTIFICATE REVOCATION STATUS WILL NOT BE CHECKED.
[2024-11-25T20:52:57.507+0000] {ssl_wrap_socket.py:101} INFO - THIS CONNECTION IS IN INSECURE MODE. IT MEANS THE CERTIFICATE WILL BE VALIDATED BUT THE CERTIFICATE REVOCATION STATUS WILL NOT BE CHECKED.
[2024-11-25T20:52:57.767+0000] {cursor.py:1166} INFO - Number of results in first chunk: 1
[2024-11-25T20:52:57.768+0000] {sql.py:364} INFO - Running statement: PUT file:///opt/airflow/shared/all_data.parquet/part-00007-d780f5c7-4f0f-47e8-9715-e2a979ceb021-c000.snappy.parquet @~/stage/ AUTO_COMPRESS=FALSE, parameters: None
[2024-11-25T20:52:58.143+0000] {ssl_wrap_socket.py:101} INFO - THIS CONNECTION IS IN INSECURE MODE. IT MEANS THE CERTIFICATE WILL BE VALIDATED BUT THE CERTIFICATE REVOCATION STATUS WILL NOT BE CHECKED.
[2024-11-25T20:52:58.505+0000] {sql.py:373} INFO - Rows affected: 1
[2024-11-25T20:52:58.508+0000] {snowflake.py:400} INFO - Rows affected: 1
[2024-11-25T20:52:58.510+0000] {snowflake.py:401} INFO - Snowflake query id: 01b89d64-0002-35a6-0005-d3920003863a
[2024-11-25T20:52:58.610+0000] {cursor.py:1166} INFO - Number of results in first chunk: 1
[2024-11-25T20:52:58.611+0000] {connection.py:789} INFO - closed
[2024-11-25T20:52:58.678+0000] {connection.py:795} INFO - No async queries seem to be running, deleting session
[2024-11-25T20:52:58.780+0000] {taskinstance.py:1322} INFO - Marking task as SUCCESS. dag_id=kafka_to_snowflake_pipeline, task_id=upload_all_data_to_stage, execution_date=20241125T205142, start_date=20241125T205256, end_date=20241125T205258
[2024-11-25T20:52:58.809+0000] {local_task_job.py:159} INFO - Task exited with return code 0
[2024-11-25T20:52:58.877+0000] {taskinstance.py:2582} INFO - 1 downstream tasks scheduled from follow-on schedule check
