[2024-11-25T20:53:10.984+0000] {taskinstance.py:1087} INFO - Dependencies all met for <TaskInstance: kafka_to_snowflake_pipeline.copy_transformed_data_to_table manual__2024-11-25T20:51:42.977665+00:00 [queued]>
[2024-11-25T20:53:10.995+0000] {taskinstance.py:1087} INFO - Dependencies all met for <TaskInstance: kafka_to_snowflake_pipeline.copy_transformed_data_to_table manual__2024-11-25T20:51:42.977665+00:00 [queued]>
[2024-11-25T20:53:10.995+0000] {taskinstance.py:1283} INFO - 
--------------------------------------------------------------------------------
[2024-11-25T20:53:10.995+0000] {taskinstance.py:1284} INFO - Starting attempt 1 of 2
[2024-11-25T20:53:10.996+0000] {taskinstance.py:1285} INFO - 
--------------------------------------------------------------------------------
[2024-11-25T20:53:11.014+0000] {taskinstance.py:1304} INFO - Executing <Task(SnowflakeOperator): copy_transformed_data_to_table> on 2024-11-25 20:51:42.977665+00:00
[2024-11-25T20:53:11.026+0000] {standard_task_runner.py:55} INFO - Started process 1604 to run task
[2024-11-25T20:53:11.030+0000] {standard_task_runner.py:82} INFO - Running: ['airflow', 'tasks', 'run', 'kafka_to_snowflake_pipeline', 'copy_transformed_data_to_table', 'manual__2024-11-25T20:51:42.977665+00:00', '--job-id', '66', '--raw', '--subdir', 'DAGS_FOLDER/kafka_to_snowflake_etl_dag.py', '--cfg-path', '/tmp/tmpa89fzr9e']
[2024-11-25T20:53:11.033+0000] {standard_task_runner.py:83} INFO - Job 66: Subtask copy_transformed_data_to_table
[2024-11-25T20:53:11.128+0000] {task_command.py:389} INFO - Running <TaskInstance: kafka_to_snowflake_pipeline.copy_transformed_data_to_table manual__2024-11-25T20:51:42.977665+00:00 [running]> on host f25f59e56f04
[2024-11-25T20:53:11.348+0000] {taskinstance.py:1511} INFO - Exporting the following env vars:
AIRFLOW_CTX_DAG_OWNER=Vaibhav Bansal
AIRFLOW_CTX_DAG_ID=kafka_to_snowflake_pipeline
AIRFLOW_CTX_TASK_ID=copy_transformed_data_to_table
AIRFLOW_CTX_EXECUTION_DATE=2024-11-25T20:51:42.977665+00:00
AIRFLOW_CTX_TRY_NUMBER=1
AIRFLOW_CTX_DAG_RUN_ID=manual__2024-11-25T20:51:42.977665+00:00
[2024-11-25T20:53:11.426+0000] {sql.py:253} INFO - Executing:  
        COPY INTO salary_job.public.transformed_salary_data
        FROM @~/stage/
        FILE_FORMAT = (TYPE = PARQUET)
        MATCH_BY_COLUMN_NAME = CASE_INSENSITIVE;
        
[2024-11-25T20:53:11.438+0000] {base.py:73} INFO - Using connection ID 'snowflake_default' for task execution.
[2024-11-25T20:53:11.717+0000] {base.py:73} INFO - Using connection ID 'snowflake_default' for task execution.
[2024-11-25T20:53:11.723+0000] {connection.py:414} INFO - Snowflake Connector for Python Version: 3.12.3, Python Version: 3.8.15, Platform: Linux-6.6.22-linuxkit-aarch64-with-glibc2.17
[2024-11-25T20:53:11.724+0000] {connection.py:1197} INFO - Connecting to GLOBAL Snowflake domain
[2024-11-25T20:53:11.725+0000] {connection.py:1278} INFO - This connection is in OCSP Fail Open Mode. TLS Certificates would be checked for validity and revocation status. Any other Certificate Revocation related exceptions or OCSP Responder failures would be disregarded in favor of connectivity.
[2024-11-25T20:53:11.725+0000] {connection.py:1288} INFO - THIS CONNECTION IS IN INSECURE MODE. IT MEANS THE CERTIFICATE WILL BE VALIDATED BUT THE CERTIFICATE REVOCATION STATUS WILL NOT BE CHECKED.
[2024-11-25T20:53:11.901+0000] {ssl_wrap_socket.py:101} INFO - THIS CONNECTION IS IN INSECURE MODE. IT MEANS THE CERTIFICATE WILL BE VALIDATED BUT THE CERTIFICATE REVOCATION STATUS WILL NOT BE CHECKED.
[2024-11-25T20:53:12.269+0000] {cursor.py:1166} INFO - Number of results in first chunk: 1
[2024-11-25T20:53:12.271+0000] {sql.py:364} INFO - Running statement: COPY INTO salary_job.public.transformed_salary_data
        FROM @~/stage/
        FILE_FORMAT = (TYPE = PARQUET)
        MATCH_BY_COLUMN_NAME = CASE_INSENSITIVE, parameters: None
[2024-11-25T20:53:13.370+0000] {cursor.py:1166} INFO - Number of results in first chunk: 9
[2024-11-25T20:53:13.372+0000] {sql.py:373} INFO - Rows affected: 9
[2024-11-25T20:53:13.373+0000] {snowflake.py:400} INFO - Rows affected: 9
[2024-11-25T20:53:13.374+0000] {snowflake.py:401} INFO - Snowflake query id: 01b89d65-0002-35b2-0005-d392000376d2
[2024-11-25T20:53:13.651+0000] {cursor.py:1166} INFO - Number of results in first chunk: 1
[2024-11-25T20:53:13.652+0000] {connection.py:789} INFO - closed
[2024-11-25T20:53:13.724+0000] {connection.py:795} INFO - No async queries seem to be running, deleting session
[2024-11-25T20:53:13.870+0000] {taskinstance.py:1322} INFO - Marking task as SUCCESS. dag_id=kafka_to_snowflake_pipeline, task_id=copy_transformed_data_to_table, execution_date=20241125T205142, start_date=20241125T205310, end_date=20241125T205313
[2024-11-25T20:53:13.914+0000] {local_task_job.py:159} INFO - Task exited with return code 0
[2024-11-25T20:53:13.981+0000] {taskinstance.py:2582} INFO - 1 downstream tasks scheduled from follow-on schedule check
