[2024-11-25T20:25:08.490+0000] {taskinstance.py:1087} INFO - Dependencies all met for <TaskInstance: kafka_to_snowflake_pipeline.jdbc_to_spark_task manual__2024-11-25T20:24:55.365156+00:00 [queued]>
[2024-11-25T20:25:08.503+0000] {taskinstance.py:1087} INFO - Dependencies all met for <TaskInstance: kafka_to_snowflake_pipeline.jdbc_to_spark_task manual__2024-11-25T20:24:55.365156+00:00 [queued]>
[2024-11-25T20:25:08.507+0000] {taskinstance.py:1283} INFO - 
--------------------------------------------------------------------------------
[2024-11-25T20:25:08.507+0000] {taskinstance.py:1284} INFO - Starting attempt 1 of 2
[2024-11-25T20:25:08.508+0000] {taskinstance.py:1285} INFO - 
--------------------------------------------------------------------------------
[2024-11-25T20:25:08.518+0000] {taskinstance.py:1304} INFO - Executing <Task(PythonOperator): jdbc_to_spark_task> on 2024-11-25 20:24:55.365156+00:00
[2024-11-25T20:25:08.529+0000] {standard_task_runner.py:55} INFO - Started process 330 to run task
[2024-11-25T20:25:08.537+0000] {standard_task_runner.py:82} INFO - Running: ['airflow', 'tasks', 'run', 'kafka_to_snowflake_pipeline', 'jdbc_to_spark_task', 'manual__2024-11-25T20:24:55.365156+00:00', '--job-id', '18', '--raw', '--subdir', 'DAGS_FOLDER/kafka_to_snowflake_etl_dag.py', '--cfg-path', '/tmp/tmppf2ylias']
[2024-11-25T20:25:08.542+0000] {standard_task_runner.py:83} INFO - Job 18: Subtask jdbc_to_spark_task
[2024-11-25T20:25:08.629+0000] {task_command.py:389} INFO - Running <TaskInstance: kafka_to_snowflake_pipeline.jdbc_to_spark_task manual__2024-11-25T20:24:55.365156+00:00 [running]> on host f25f59e56f04
[2024-11-25T20:25:08.693+0000] {taskinstance.py:1511} INFO - Exporting the following env vars:
AIRFLOW_CTX_DAG_OWNER=Vaibhav Bansal
AIRFLOW_CTX_DAG_ID=kafka_to_snowflake_pipeline
AIRFLOW_CTX_TASK_ID=jdbc_to_spark_task
AIRFLOW_CTX_EXECUTION_DATE=2024-11-25T20:24:55.365156+00:00
AIRFLOW_CTX_TRY_NUMBER=1
AIRFLOW_CTX_DAG_RUN_ID=manual__2024-11-25T20:24:55.365156+00:00
[2024-11-25T20:25:12.429+0000] {logging_mixin.py:137} INFO - Number of rows fetched for all data: 3819
[2024-11-25T20:25:20.116+0000] {logging_mixin.py:137} INFO - Spark session created.
[2024-11-25T20:25:29.317+0000] {logging_mixin.py:137} INFO - Checking for null values in all data...
[2024-11-25T20:25:29.909+0000] {logging_mixin.py:137} INFO - Error during data processing: Datasource does not support writing empty or nested empty schemas. Please make sure the data schema has at least one or more column(s).
[2024-11-25T20:25:29.949+0000] {python.py:177} INFO - Done. Returned value was: None
[2024-11-25T20:25:30.131+0000] {taskinstance.py:1322} INFO - Marking task as SUCCESS. dag_id=kafka_to_snowflake_pipeline, task_id=jdbc_to_spark_task, execution_date=20241125T202455, start_date=20241125T202508, end_date=20241125T202530
[2024-11-25T20:25:30.269+0000] {local_task_job.py:159} INFO - Task exited with return code 0
[2024-11-25T20:25:30.416+0000] {taskinstance.py:2582} INFO - 1 downstream tasks scheduled from follow-on schedule check
